<?xml version="1.0" encoding="UTF-8"?>
<coverage generated="1703434760924" clover="3.2.0">
  <project timestamp="1703434760924" name="All files">
    <metrics statements="3" coveredstatements="3" conditionals="4" coveredconditionals="4" methods="1" coveredmethods="1" elements="8" coveredelements="8" complexity="0" loc="3" ncloc="3" packages="1" files="1" classes="1"/>
    <file name="validator.js" path="/Users/kaimac/Desktop/regex/src/js/validator.js">
      <metrics statements="3" coveredstatements="3" conditionals="4" coveredconditionals="4" methods="1" coveredmethods="1"/>
      <line num="3" count="19" type="cond" truecount="4" falsecount="0"/>
      <line num="4" count="9" type="stmt"/>
      <line num="7" count="10" type="stmt"/>
    </file>
  </project>
</coverage>
