{"/Users/kaimac/Desktop/regex/src/js/validator.js": {"path":"/Users/kaimac/Desktop/regex/src/js/validator.js","statementMap":{"0":{"start":{"line":3,"column":6},"end":{"line":5,"column":7}},"1":{"start":{"line":4,"column":8},"end":{"line":4,"column":20}},"2":{"start":{"line":7,"column":6},"end":{"line":9,"column":8}}},"fnMap":{"0":{"name":"(anonymous_0)","decl":{"start":{"line":2,"column":4},"end":{"line":2,"column":5}},"loc":{"start":{"line":2,"column":34},"end":{"line":10,"column":5}},"line":2}},"branchMap":{"0":{"loc":{"start":{"line":3,"column":6},"end":{"line":5,"column":7}},"type":"if","locations":[{"start":{"line":3,"column":6},"end":{"line":5,"column":7}},{"start":{},"end":{}}],"line":3},"1":{"loc":{"start":{"line":3,"column":10},"end":{"line":3,"column":75}},"type":"binary-expr","locations":[{"start":{"line":3,"column":10},"end":{"line":3,"column":42}},{"start":{"line":3,"column":46},"end":{"line":3,"column":75}}],"line":3}},"s":{"0":19,"1":9,"2":10},"f":{"0":19},"b":{"0":[9,10],"1":[19,10]},"_coverageSchema":"1a1c01bbd47fc00a2c39e90264f33305004495a9","hash":"839c474224041c3e05f6d24e17f15d797839994e"}
}
